# JRE version: OpenJDK Runtime Environment (8.0_222-b10) (build 1.8.0_222-8u222-b10-1ubuntu1~18.04.1-b10)
# Java VM: OpenJDK 64-Bit Server VM (25.222-b10 mixed mode linux-amd64 compressed oops)
Heap:
 PSYoungGen      total 624128K, used 4936K [0x000000076d200000, 0x0000000794180000, 0x00000007c0000000)
  eden space 617984K, 0% used [0x000000076d200000,0x000000076d200000,0x0000000792d80000)
  from space 6144K, 80% used [0x0000000792d80000,0x0000000793252010,0x0000000793380000)
  to   space 6144K, 0% used [0x0000000793380000,0x0000000793380000,0x0000000793980000)
 ParOldGen       total 107520K, used 14108K [0x00000006c7600000, 0x00000006cdf00000, 0x000000076d200000)
  object space 107520K, 13% used [0x00000006c7600000,0x00000006c83c7068,0x00000006cdf00000)
 Metaspace       used 39801K, capacity 41266K, committed 41472K, reserved 1085440K
  class space    used 4988K, capacity 5259K, committed 5376K, reserved 1048576K
GC Heap History (10 events):
Event: 19.894 GC heap after
Heap after GC invocations=16 (full 1):
 PSYoungGen      total 336384K, used 1792K [0x000000076d200000, 0x000000078a000000, 0x00000007c0000000)
  eden space 331776K, 0% used [0x000000076d200000,0x000000076d200000,0x0000000781600000)
  from space 4608K, 38% used [0x0000000781600000,0x00000007817c0010,0x0000000781a80000)
  to   space 4608K, 0% used [0x0000000789b80000,0x0000000789b80000,0x000000078a000000)
 ParOldGen       total 79872K, used 7004K [0x00000006c7600000, 0x00000006cc400000, 0x000000076d200000)
  object space 79872K, 8% used [0x00000006c7600000,0x00000006c7cd73a8,0x00000006cc400000)
 Metaspace       used 27828K, capacity 28716K, committed 28800K, reserved 1075200K
  class space    used 3447K, capacity 3656K, committed 3712K, reserved 1048576K
}
Event: 37.027 GC heap before
{Heap before GC invocations=17 (full 1):
 PSYoungGen      total 336384K, used 333568K [0x000000076d200000, 0x000000078a000000, 0x00000007c0000000)
  eden space 331776K, 100% used [0x000000076d200000,0x0000000781600000,0x0000000781600000)
  from space 4608K, 38% used [0x0000000781600000,0x00000007817c0010,0x0000000781a80000)
  to   space 4608K, 0% used [0x0000000789b80000,0x0000000789b80000,0x000000078a000000)
 ParOldGen       total 79872K, used 7004K [0x00000006c7600000, 0x00000006cc400000, 0x000000076d200000)
  object space 79872K, 8% used [0x00000006c7600000,0x00000006c7cd73a8,0x00000006cc400000)
 Metaspace       used 29874K, capacity 30890K, committed 31104K, reserved 1077248K
  class space    used 3682K, capacity 3907K, committed 3968K, reserved 1048576K
Event: 39.518 GC heap after
Heap after GC invocations=17 (full 1):
 PSYoungGen      total 468480K, used 2688K [0x000000076d200000, 0x000000078c780000, 0x00000007c0000000)
  eden space 463872K, 0% used [0x000000076d200000,0x000000076d200000,0x0000000789700000)
  from space 4608K, 58% used [0x0000000789b80000,0x0000000789e20000,0x000000078a000000)
  to   space 4608K, 0% used [0x0000000789700000,0x0000000789700000,0x0000000789b80000)
 ParOldGen       total 79872K, used 8568K [0x00000006c7600000, 0x00000006cc400000, 0x000000076d200000)
  object space 79872K, 10% used [0x00000006c7600000,0x00000006c7e5e3c8,0x00000006cc400000)
 Metaspace       used 29874K, capacity 30890K, committed 31104K, reserved 1077248K
  class space    used 3682K, capacity 3907K, committed 3968K, reserved 1048576K
}
Event: 71.535 GC heap before
{Heap before GC invocations=18 (full 1):
 PSYoungGen      total 468480K, used 466560K [0x000000076d200000, 0x000000078c780000, 0x00000007c0000000)
  eden space 463872K, 100% used [0x000000076d200000,0x0000000789700000,0x0000000789700000)
  from space 4608K, 58% used [0x0000000789b80000,0x0000000789e20000,0x000000078a000000)
  to   space 4608K, 0% used [0x0000000789700000,0x0000000789700000,0x0000000789b80000)
 ParOldGen       total 79872K, used 8568K [0x00000006c7600000, 0x00000006cc400000, 0x000000076d200000)
  object space 79872K, 10% used [0x00000006c7600000,0x00000006c7e5e3c8,0x00000006cc400000)
 Metaspace       used 34070K, capacity 35106K, committed 35328K, reserved 1079296K
  class space    used 4281K, capacity 4509K, committed 4608K, reserved 1048576K
Event: 71.545 GC heap after
Heap after GC invocations=18 (full 1):
 PSYoungGen      total 468480K, used 4577K [0x000000076d200000, 0x0000000793980000, 0x00000007c0000000)
  eden space 463872K, 0% used [0x000000076d200000,0x000000076d200000,0x0000000789700000)
  from space 4608K, 99% used [0x0000000789700000,0x0000000789b78420,0x0000000789b80000)
  to   space 6144K, 0% used [0x0000000793380000,0x0000000793380000,0x0000000793980000)
 ParOldGen       total 79872K, used 10944K [0x00000006c7600000, 0x00000006cc400000, 0x000000076d200000)
  object space 79872K, 13% used [0x00000006c7600000,0x00000006c80b03c8,0x00000006cc400000)
 Metaspace       used 34070K, capacity 35106K, committed 35328K, reserved 1079296K
  class space    used 4281K, capacity 4509K, committed 4608K, reserved 1048576K
}
Event: 71.687 GC heap before
{Heap before GC invocations=19 (full 1):
 PSYoungGen      total 468480K, used 12405K [0x000000076d200000, 0x0000000793980000, 0x00000007c0000000)
  eden space 463872K, 1% used [0x000000076d200000,0x000000076d9a5218,0x0000000789700000)
  from space 4608K, 99% used [0x0000000789700000,0x0000000789b78420,0x0000000789b80000)
  to   space 6144K, 0% used [0x0000000793380000,0x0000000793380000,0x0000000793980000)
 ParOldGen       total 79872K, used 10944K [0x00000006c7600000, 0x00000006cc400000, 0x000000076d200000)
  object space 79872K, 13% used [0x00000006c7600000,0x00000006c80b03c8,0x00000006cc400000)
 Metaspace       used 34327K, capacity 35330K, committed 35496K, reserved 1081344K
  class space    used 4302K, capacity 4541K, committed 4608K, reserved 1048576K
Event: 71.698 GC heap after
Heap after GC invocations=19 (full 1):
 PSYoungGen      total 624128K, used 320K [0x000000076d200000, 0x0000000794180000, 0x00000007c0000000)
  eden space 617984K, 0% used [0x000000076d200000,0x000000076d200000,0x0000000792d80000)
  from space 6144K, 5% used [0x0000000793380000,0x00000007933d0000,0x0000000793980000)
  to   space 6144K, 0% used [0x0000000792d80000,0x0000000792d80000,0x0000000793380000)
 ParOldGen       total 79872K, used 15031K [0x00000006c7600000, 0x00000006cc400000, 0x000000076d200000)
  object space 79872K, 18% used [0x00000006c7600000,0x00000006c84adc90,0x00000006cc400000)
 Metaspace       used 34327K, capacity 35330K, committed 35496K, reserved 1081344K
  class space    used 4302K, capacity 4541K, committed 4608K, reserved 1048576K
}
Event: 71.698 GC heap before
{Heap before GC invocations=20 (full 2):
 PSYoungGen      total 624128K, used 320K [0x000000076d200000, 0x0000000794180000, 0x00000007c0000000)
  eden space 617984K, 0% used [0x000000076d200000,0x000000076d200000,0x0000000792d80000)
  from space 6144K, 5% used [0x0000000793380000,0x00000007933d0000,0x0000000793980000)
  to   space 6144K, 0% used [0x0000000792d80000,0x0000000792d80000,0x0000000793380000)
 ParOldGen       total 79872K, used 15031K [0x00000006c7600000, 0x00000006cc400000, 0x000000076d200000)
  object space 79872K, 18% used [0x00000006c7600000,0x00000006c84adc90,0x00000006cc400000)
 Metaspace       used 34327K, capacity 35330K, committed 35496K, reserved 1081344K
  class space    used 4302K, capacity 4541K, committed 4608K, reserved 1048576K
Event: 72.782 GC heap after
Heap after GC invocations=20 (full 2):
 PSYoungGen      total 624128K, used 0K [0x000000076d200000, 0x0000000794180000, 0x00000007c0000000)
  eden space 617984K, 0% used [0x000000076d200000,0x000000076d200000,0x0000000792d80000)
  from space 6144K, 0% used [0x0000000793380000,0x0000000793380000,0x0000000793980000)
  to   space 6144K, 0% used [0x0000000792d80000,0x0000000792d80000,0x0000000793380000)
 ParOldGen       total 107520K, used 14100K [0x00000006c7600000, 0x00000006cdf00000, 0x000000076d200000)
  object space 107520K, 13% used [0x00000006c7600000,0x00000006c83c5068,0x00000006cdf00000)
 Metaspace       used 34327K, capacity 35330K, committed 35496K, reserved 1081344K
  class space    used 4302K, capacity 4541K, committed 4608K, reserved 1048576K
}
Event: 120.253 GC heap before
{Heap before GC invocations=21 (full 2):
 PSYoungGen      total 624128K, used 617984K [0x000000076d200000, 0x0000000794180000, 0x00000007c0000000)
  eden space 617984K, 100% used [0x000000076d200000,0x0000000792d80000,0x0000000792d80000)
  from space 6144K, 0% used [0x0000000793380000,0x0000000793380000,0x0000000793980000)
  to   space 6144K, 0% used [0x0000000792d80000,0x0000000792d80000,0x0000000793380000)
 ParOldGen       total 107520K, used 14100K [0x00000006c7600000, 0x00000006cdf00000, 0x000000076d200000)
  object space 107520K, 13% used [0x00000006c7600000,0x00000006c83c5068,0x00000006cdf00000)
 Metaspace       used 39801K, capacity 41266K, committed 41472K, reserved 1085440K
  class space    used 4988K, capacity 5259K, committed 5376K, reserved 1048576K

